<?xml version="1.0" encoding="UTF-8"?>
<robot generator="Robot 7.0.1 (Python 3.12.4 on win32)" generated="2024-06-30T11:24:13.324405" rpa="false" schemaversion="5">
<suite id="s1" name="Verify Post Users" source="c:\Users\Bilgin\Projeler\udemy_api_tests\tests\api\endpoints\users\verify_post_users.robot">
<kw name="Authorize" owner="setupTeardowns" type="SETUP">
<if>
<branch type="IF" condition="not ${GLOBAL_AUTH_SET}">
<kw name="Create Dictionary" owner="BuiltIn">
<msg time="2024-06-30T11:24:13.854500" level="INFO">&amp;{jsonBody} = { username=admin | password=masterPass }</msg>
<var>&amp;{jsonBody}</var>
<arg>username=admin</arg>
<arg>password=masterPass</arg>
<doc>Creates and returns a dictionary based on the given ``items``.</doc>
<status status="PASS" start="2024-06-30T11:24:13.854500" elapsed="0.010775"/>
</kw>
<kw name="POST" owner="RequestsLibrary">
<msg time="2024-06-30T11:24:13.874450" level="INFO">POST Request : url=http://127.0.0.1:5000/login 
 path_url=/login 
 headers={'User-Agent': 'python-requests/2.32.3', 'Accept-Encoding': 'gzip, deflate', 'Accept': '*/*', 'Connection': 'keep-alive', 'Content-Length': '47', 'Content-Type': 'application/json'} 
 body=b'{"username": "admin", "password": "masterPass"}' 
 </msg>
<msg time="2024-06-30T11:24:13.874450" level="INFO">POST Response : url=http://127.0.0.1:5000/login 
 status=200, reason=OK 
 headers={'Server': 'Werkzeug/3.0.3 Python/3.12.4', 'Date': 'Sun, 30 Jun 2024 09:24:13 GMT', 'Content-Type': 'application/json', 'Content-Length': '49', 'Connection': 'close'} 
 body={"token":"asfd234fkaDkf2asdf2a889DFJSFlsDFWf21"}
 
 </msg>
<msg time="2024-06-30T11:24:13.874450" level="INFO">${response} = &lt;Response [200]&gt;</msg>
<var>${response}</var>
<arg>url=${GLOBAL_ENDPOINT_LOGIN}</arg>
<arg>json=${jsonBody}</arg>
<arg>expected_status=200</arg>
<doc>Sends a POST request.</doc>
<status status="PASS" start="2024-06-30T11:24:13.865275" elapsed="0.009175"/>
</kw>
<kw name="Set Variable" owner="BuiltIn">
<msg time="2024-06-30T11:24:13.874450" level="INFO">${responseJson} = {'token': 'asfd234fkaDkf2asdf2a889DFJSFlsDFWf21'}</msg>
<var>${responseJson}</var>
<arg>${response.json()}</arg>
<doc>Returns the given values which can then be assigned to a variables.</doc>
<status status="PASS" start="2024-06-30T11:24:13.874450" elapsed="0.000000"/>
</kw>
<kw name="Get From Dictionary" owner="Collections">
<msg time="2024-06-30T11:24:13.874450" level="INFO">${token} = asfd234fkaDkf2asdf2a889DFJSFlsDFWf21</msg>
<var>${token}</var>
<arg>${responseJson}</arg>
<arg>token</arg>
<doc>Returns a value from the given ``dictionary`` based on the given ``key``.</doc>
<status status="PASS" start="2024-06-30T11:24:13.874450" elapsed="0.000000"/>
</kw>
<kw name="Create Dictionary" owner="BuiltIn">
<msg time="2024-06-30T11:24:13.874450" level="INFO">${headers} = {'Authorization': 'Bearer asfd234fkaDkf2asdf2a889DFJSFlsDFWf21'}</msg>
<var>${headers}</var>
<arg>Authorization=Bearer ${token}</arg>
<doc>Creates and returns a dictionary based on the given ``items``.</doc>
<status status="PASS" start="2024-06-30T11:24:13.874450" elapsed="0.000000"/>
</kw>
<kw name="Set Global Variable" owner="BuiltIn">
<msg time="2024-06-30T11:24:13.874450" level="INFO">${GLOBAL_AUTH_HEADER} = {'Authorization': 'Bearer asfd234fkaDkf2asdf2a889DFJSFlsDFWf21'}</msg>
<arg>${GLOBAL_AUTH_HEADER}</arg>
<arg>${headers}</arg>
<doc>Makes a variable available globally in all tests and suites.</doc>
<status status="PASS" start="2024-06-30T11:24:13.874450" elapsed="0.000000"/>
</kw>
<kw name="Set Global Variable" owner="BuiltIn">
<msg time="2024-06-30T11:24:13.874450" level="INFO">${GLOBAL_AUTH_SET} = True</msg>
<arg>${GLOBAL_AUTH_SET}</arg>
<arg>${True}</arg>
<doc>Makes a variable available globally in all tests and suites.</doc>
<status status="PASS" start="2024-06-30T11:24:13.874450" elapsed="0.000000"/>
</kw>
<status status="PASS" start="2024-06-30T11:24:13.854500" elapsed="0.019950"/>
</branch>
<status status="PASS" start="2024-06-30T11:24:13.854500" elapsed="0.019950"/>
</if>
<status status="PASS" start="2024-06-30T11:24:13.854500" elapsed="0.019950"/>
</kw>
<test id="s1-t1" name="Verify Create New User" line="12">
<kw name="Log To Console" owner="BuiltIn">
<arg>\nSending Request To ${GLOBAL_ENDPOINT_USERS}\n</arg>
<doc>Logs the given message to the console.</doc>
<status status="PASS" start="2024-06-30T11:24:13.874450" elapsed="0.012668"/>
</kw>
<kw name="Create New User" owner="setupTeardowns">
<kw name="Create List" owner="BuiltIn">
<msg time="2024-06-30T11:24:13.891069" level="INFO">@{contracts} = [ ]</msg>
<var>@{contracts}</var>
<doc>Returns a list containing given items.</doc>
<status status="PASS" start="2024-06-30T11:24:13.891069" elapsed="0.000000"/>
</kw>
<if>
<branch type="IF" condition="${numberOfContracts} &gt; ${0}">
<for flavor="IN RANGE">
<iter>
<kw name="Create Dictionary" owner="BuiltIn">
<msg time="2024-06-30T11:24:13.893118" level="INFO">${contract} = {'currency': 'USD', 'id': '33', 'price': 9.99, 'type': 'basic'}</msg>
<var>${contract}</var>
<arg>currency=${contractsCurrency}</arg>
<arg>id=${contractsId}</arg>
<arg>price=${contractsPrice}</arg>
<arg>type=${contractsType}</arg>
<doc>Creates and returns a dictionary based on the given ``items``.</doc>
<status status="PASS" start="2024-06-30T11:24:13.893118" elapsed="0.000000"/>
</kw>
<kw name="Append To List" owner="Collections">
<arg>${contracts}</arg>
<arg>${contract}</arg>
<doc>Adds ``values`` to the end of ``list``.</doc>
<status status="PASS" start="2024-06-30T11:24:13.894048" elapsed="0.000000"/>
</kw>
<var name="${counter}">0</var>
<status status="PASS" start="2024-06-30T11:24:13.892120" elapsed="0.001928"/>
</iter>
<var>${counter}</var>
<value>${numberOfContracts}</value>
<status status="PASS" start="2024-06-30T11:24:13.892120" elapsed="0.001928"/>
</for>
<status status="PASS" start="2024-06-30T11:24:13.892120" elapsed="0.001928"/>
</branch>
<status status="PASS" start="2024-06-30T11:24:13.892120" elapsed="0.001928"/>
</if>
<kw name="Create Dictionary" owner="BuiltIn">
<msg time="2024-06-30T11:24:13.894048" level="INFO">${body} = {'active': True, 'city': 'Testcity', 'contracts': [{'currency': 'USD', 'id': '33', 'price': 9.99, 'type': 'basic'}], 'email': 'tom@miller.com', 'name': 'miller', 'street': '1st street', 'surname': 'to...</msg>
<var>${body}</var>
<arg>active=${active}</arg>
<arg>city=${city}</arg>
<arg>contracts=${contracts}</arg>
<arg>email=${email}</arg>
<arg>name=${name}</arg>
<arg>street=${street}</arg>
<arg>surname=${surname}</arg>
<arg>zip=${zip}</arg>
<doc>Creates and returns a dictionary based on the given ``items``.</doc>
<status status="PASS" start="2024-06-30T11:24:13.894048" elapsed="0.000000"/>
</kw>
<kw name="POST" owner="RequestsLibrary">
<msg time="2024-06-30T11:24:13.905797" level="INFO">POST Request : url=http://127.0.0.1:5000/users 
 path_url=/users 
 headers={'User-Agent': 'python-requests/2.32.3', 'Accept-Encoding': 'gzip, deflate', 'Accept': '*/*', 'Connection': 'keep-alive', 'Authorization': 'Bearer asfd234fkaDkf2asdf2a889DFJSFlsDFWf21', 'Content-Length': '219', 'Content-Type': 'application/json'} 
 body=b'{"active": true, "city": "Testcity", "contracts": [{"currency": "USD", "id": "33", "price": 9.99, "type": "basic"}], "email": "tom@miller.com", "name": "miller", "street": "1st street", "surname": "tom", "zip": "91343"}' 
 </msg>
<msg time="2024-06-30T11:24:13.906803" level="INFO">POST Response : url=http://127.0.0.1:5000/users 
 status=201, reason=CREATED 
 headers={'Server': 'Werkzeug/3.0.3 Python/3.12.4', 'Date': 'Sun, 30 Jun 2024 09:24:13 GMT', 'Content-Type': 'application/json', 'Content-Length': '12', 'Connection': 'close'} 
 body={"ID":3032}
 
 </msg>
<msg time="2024-06-30T11:24:13.906803" level="INFO">${response} = &lt;Response [201]&gt;</msg>
<var>${response}</var>
<arg>url=${GLOBAL_ENDPOINT_USERS}</arg>
<arg>json=${body}</arg>
<arg>expected_status=${expectedStatuscode}</arg>
<arg>headers=${GLOBAL_AUTH_HEADER}</arg>
<doc>Sends a POST request.</doc>
<status status="PASS" start="2024-06-30T11:24:13.894048" elapsed="0.012755"/>
</kw>
<kw name="Set Variable" owner="BuiltIn">
<msg time="2024-06-30T11:24:13.909790" level="INFO">${userId} = </msg>
<var>${userId}</var>
<arg>${empty}</arg>
<doc>Returns the given values which can then be assigned to a variables.</doc>
<status status="PASS" start="2024-06-30T11:24:13.907812" elapsed="0.001978"/>
</kw>
<if>
<branch type="IF" condition="&quot;${expectedStatuscode}&quot; == &quot;201&quot;">
<kw name="Get From Dictionary" owner="Collections">
<msg time="2024-06-30T11:24:13.911784" level="INFO">${userId} = 3032</msg>
<var>${userId}</var>
<arg>${response.json()}</arg>
<arg>ID</arg>
<doc>Returns a value from the given ``dictionary`` based on the given ``key``.</doc>
<status status="PASS" start="2024-06-30T11:24:13.910789" elapsed="0.000995"/>
</kw>
<status status="PASS" start="2024-06-30T11:24:13.909790" elapsed="0.001994"/>
</branch>
<status status="PASS" start="2024-06-30T11:24:13.909790" elapsed="0.001994"/>
</if>
<return>
<value>${userId}</value>
<value>${response}</value>
<status status="PASS" start="2024-06-30T11:24:13.911784" elapsed="0.000000"/>
</return>
<msg time="2024-06-30T11:24:13.912782" level="INFO">${id} = 3032</msg>
<msg time="2024-06-30T11:24:13.912782" level="INFO">${response} = &lt;Response [201]&gt;</msg>
<var>${id}</var>
<var>${response}</var>
<status status="PASS" start="2024-06-30T11:24:13.888157" elapsed="0.024625"/>
</kw>
<kw name="Set Suite Variable" owner="BuiltIn">
<msg time="2024-06-30T11:24:13.914771" level="INFO">${SUITE_USER_ID} = 3032</msg>
<arg>${SUITE_USER_ID}</arg>
<arg>${id}</arg>
<doc>Makes a variable available everywhere within the scope of the current suite.</doc>
<status status="PASS" start="2024-06-30T11:24:13.913776" elapsed="0.000995"/>
</kw>
<kw name="Validate Schema" owner="validations">
<kw name="Log To Console" owner="BuiltIn">
<arg>Validating the JSON Schema!</arg>
<doc>Logs the given message to the console.</doc>
<status status="PASS" start="2024-06-30T11:24:13.916262" elapsed="0.000000"/>
</kw>
<kw name="Validate Json Schema" owner="json_validate_schema">
<arg>${inputJson}</arg>
<arg>${referenceSchemaPath}</arg>
<status status="PASS" start="2024-06-30T11:24:13.916262" elapsed="0.005928"/>
</kw>
<arg>inputJson=${response.json()}</arg>
<arg>referenceSchemaPath=${GLOBAL_SCHEMA_USER_POST}</arg>
<status status="PASS" start="2024-06-30T11:24:13.915770" elapsed="0.006420"/>
</kw>
<status status="PASS" start="2024-06-30T11:24:13.874450" elapsed="0.048771"/>
</test>
<kw name="Delete User" owner="setupTeardowns" type="TEARDOWN">
<kw name="DELETE" owner="RequestsLibrary">
<msg time="2024-06-30T11:24:13.935888" level="INFO">DELETE Request : url=http://127.0.0.1:5000/users/3032 
 path_url=/users/3032 
 headers={'User-Agent': 'python-requests/2.32.3', 'Accept-Encoding': 'gzip, deflate', 'Accept': '*/*', 'Connection': 'keep-alive', 'Authorization': 'Bearer asfd234fkaDkf2asdf2a889DFJSFlsDFWf21', 'Content-Length': '0'} 
 body=None 
 </msg>
<msg time="2024-06-30T11:24:13.935888" level="INFO">DELETE Response : url=http://127.0.0.1:5000/users/3032 
 status=200, reason=OK 
 headers={'Server': 'Werkzeug/3.0.3 Python/3.12.4', 'Date': 'Sun, 30 Jun 2024 09:24:13 GMT', 'Content-Type': 'application/json', 'Content-Length': '17', 'Connection': 'close'} 
 body={"MESSAGE":"OK"}
 
 </msg>
<msg time="2024-06-30T11:24:13.935888" level="INFO">${response} = &lt;Response [200]&gt;</msg>
<var>${response}</var>
<arg>url=${GLOBAL_ENDPOINT_USERS}/${userId}</arg>
<arg>expected_status=200</arg>
<arg>headers=${GLOBAL_AUTH_HEADER}</arg>
<doc>Sends a DELETE request.</doc>
<status status="PASS" start="2024-06-30T11:24:13.926173" elapsed="0.009715"/>
</kw>
<return>
<value>${response}</value>
<status status="PASS" start="2024-06-30T11:24:13.935888" elapsed="0.001872"/>
</return>
<arg>${SUITE_USER_ID}</arg>
<status status="PASS" start="2024-06-30T11:24:13.925177" elapsed="0.012583"/>
</kw>
<status status="PASS" start="2024-06-30T11:24:13.340030" elapsed="0.597730"/>
</suite>
<statistics>
<total>
<stat pass="1" fail="0" skip="0">All Tests</stat>
</total>
<tag>
</tag>
<suite>
<stat pass="1" fail="0" skip="0" id="s1" name="Verify Post Users">Verify Post Users</stat>
</suite>
</statistics>
<errors>
<msg time="2024-06-30T11:24:13.504552" level="WARN">Error in file 'c:\Users\Bilgin\Projeler\udemy_api_tests\keywords\setupTeardowns.robot' on line 41: The '[Return]' setting is deprecated. Use the 'RETURN' statement instead.</msg>
<msg time="2024-06-30T11:24:13.504552" level="WARN">Error in file 'c:\Users\Bilgin\Projeler\udemy_api_tests\keywords\setupTeardowns.robot' on line 46: The '[Return]' setting is deprecated. Use the 'RETURN' statement instead.</msg>
</errors>
</robot>
